<?xml version="1.0" encoding="UTF-8"?>
<testsuite hostname="DESKTOP-15D6S6Q" name="com.crmpro.page_testClass.HomePageTest" tests="3" failures="0" timestamp="18 Mar 2019 03:07:21 GMT" time="64.32" errors="0">
  <testcase name="varifyContactLink" time="2.508" classname="com.crmpro.page_testClass.HomePageTest"/>
  <testcase name="varifyTable" time="2.416" classname="com.crmpro.page_testClass.HomePageTest"/>
  <testcase name="LogInTest" time="5.6" classname="com.crmpro.page_testClass.LogInPageTest"/>
</testsuite>
