<?xml version="1.0" encoding="UTF-8"?>
<testsuite xmlns:xsi="http://www.w3.org/2001/XMLSchema-instance" xsi:noNamespaceSchemaLocation="https://maven.apache.org/surefire/maven-surefire-plugin/xsd/surefire-test-report-3.0.xsd" version="3.0" name="TestSuite" time="147.207" tests="4" errors="0" skipped="0" failures="1">
  <properties>
[...]
</properties>
  <testcase name="varifyContactLink" classname="com.crmpro.page_testClass.HomePageTest" time="4.545"/>
  <testcase name="varifyLogout" classname="com.crmpro.page_testClass.HomePageTest" time="3.044">
    <failure message="expected:&lt;https://classic.crmpro.com/index.html&gt; but was:&lt;https://www.crmpro.com/index.html&gt;" type="java.lang.AssertionError"><![CDATA[java.lang.AssertionError: expected:<https://classic.crmpro.com/index.html> but was:<https://www.crmpro.com/index.html>
	at com.crmpro.page_testClass.HomePageTest.varifyLogout(HomePageTest.java:71)
]]></failure>
    <system-err><![CDATA[Starting ChromeDriver 2.45.615291 (ec3682e3c9061c10f26ea9e5cdcf3c53f3f74387) on port 21606
Only local connections are allowed.
Mar 17, 2019 10:27:56 PM org.openqa.selenium.remote.ProtocolHandshake createSession
INFO: Detected dialect: OSS
]]></system-err>
  </testcase>
  <testcase name="varifyTable" classname="com.crmpro.page_testClass.HomePageTest" time="4.15"/>
  <testcase name="LogInTest" classname="com.crmpro.page_testClass.LogInPageTest" time="10.773"/>
</testsuite>