-------------------------------------------------------------------------------
Test set: TestSuite
-------------------------------------------------------------------------------
Tests run: 3, Failures: 1, Errors: 0, Skipped: 0, Time elapsed: 91.068 s <<< FAILURE! - in TestSuite
LogInTest(com.crmpro.page_testClass.LogInPageTest)  Time elapsed: 17.635 s  <<< FAILURE!
java.lang.AssertionError: expected [CRMPR] but found [CRMPRO]
	at com.crmpro.page_testClass.LogInPageTest.LogInTest(LogInPageTest.java:42)

