<?xml version="1.0" encoding="UTF-8"?>
<!-- Generated by org.testng.reporters.JUnitXMLReporter -->
<testsuite hostname="Hossain" ignored="0" name="CRMPRO testing feature" tests="3" failures="1" timestamp="23 Mar 2019 05:07:29 GMT" time="54.446" errors="0">
  <testcase name="LogInTest" time="5.836" classname="com.crmpro.page_testClass.LogInPageTest">
    <failure type="java.lang.AssertionError" message="expected [CRMPR] but found [CRMPRO]">
      <![CDATA[java.lang.AssertionError: expected [CRMPR] but found [CRMPRO]
	at com.crmpro.page_testClass.LogInPageTest.LogInTest(LogInPageTest.java:42)
... Removed 31 stack frames]]>
    </failure>
  </testcase> <!-- LogInTest -->
  <testcase name="varifyContactLink" time="1.769" classname="com.crmpro.page_testClass.HomePageTest"/>
  <testcase name="varifyTable" time="2.327" classname="com.crmpro.page_testClass.HomePageTest"/>
</testsuite> <!-- CRMPRO testing feature -->
